c:\users\administrator\source\repos\视觉单工位测试软件\dll4cs\debug\dll4cs.pch
c:\users\administrator\source\repos\视觉单工位测试软件\dll4cs\debug\vc141.pdb
c:\users\administrator\source\repos\视觉单工位测试软件\dll4cs\debug\vc141.idb
c:\users\administrator\source\repos\视觉单工位测试软件\dll4cs\debug\pch.obj
c:\users\administrator\source\repos\视觉单工位测试软件\dll4cs\debug\puttext.obj
c:\users\administrator\source\repos\视觉单工位测试软件\dll4cs\debug\metrogolycircle.obj
c:\users\administrator\source\repos\视觉单工位测试软件\dll4cs\debug\interface.obj
c:\users\administrator\source\repos\视觉单工位测试软件\dll4cs\debug\dllmain.obj
c:\users\administrator\source\repos\视觉单工位测试软件\dll4cs\debug\cvalgorithms.obj
c:\users\administrator\source\repos\视觉单工位测试软件\视觉单工位测试软件\bin\debug\dll4cs.lib
c:\users\administrator\source\repos\视觉单工位测试软件\视觉单工位测试软件\bin\debug\dll4cs.exp
c:\users\administrator\source\repos\视觉单工位测试软件\视觉单工位测试软件\bin\debug\dll4cs.ilk
c:\users\administrator\source\repos\视觉单工位测试软件\视觉单工位测试软件\bin\debug\dll4cs.dll
c:\users\administrator\source\repos\视觉单工位测试软件\视觉单工位测试软件\bin\debug\dll4cs.pdb
c:\users\administrator\source\repos\视觉单工位测试软件\dll4cs\..\视觉单工位测试软件\bin\debug\dll4cs.dll
c:\users\administrator\source\repos\视觉单工位测试软件\dll4cs\debug\dll4cs.tlog\cl.command.1.tlog
c:\users\administrator\source\repos\视觉单工位测试软件\dll4cs\debug\dll4cs.tlog\cl.read.1.tlog
c:\users\administrator\source\repos\视觉单工位测试软件\dll4cs\debug\dll4cs.tlog\cl.write.1.tlog
c:\users\administrator\source\repos\视觉单工位测试软件\dll4cs\debug\dll4cs.tlog\dll4cs.write.1u.tlog
c:\users\administrator\source\repos\视觉单工位测试软件\dll4cs\debug\dll4cs.tlog\link.command.1.tlog
c:\users\administrator\source\repos\视觉单工位测试软件\dll4cs\debug\dll4cs.tlog\link.read.1.tlog
c:\users\administrator\source\repos\视觉单工位测试软件\dll4cs\debug\dll4cs.tlog\link.write.1.tlog
