C:\Program Files (x86)\Microsoft Visual Studio\2017\Community\Common7\IDE\VC\VCTargets\Microsoft.CppBuild.targets(377,5): warning MSB8004: Output 目录未以斜杠结尾。  此生成实例将添加斜杠，因为必须有这个斜杠才能正确计算 Output 目录。
  CVAlgorithms.cpp
c:\users\administrator\source\repos\lhbentan\tlh_framework\dll4cs\metrogolycircle.h(36): warning C4091: “typedef ”: 没有声明变量时忽略“circleInfo”的左侧
c:\users\administrator\source\repos\lhbentan\tlh_framework\dll4cs\cvalgorithms.cpp(176): warning C4244: “初始化”: 从“double”转换到“float”，可能丢失数据
c:\users\administrator\source\repos\lhbentan\tlh_framework\dll4cs\cvalgorithms.cpp(177): warning C4244: “初始化”: 从“double”转换到“float”，可能丢失数据
c:\users\administrator\source\repos\lhbentan\tlh_framework\dll4cs\cvalgorithms.cpp(178): warning C4244: “初始化”: 从“double”转换到“float”，可能丢失数据
c:\users\administrator\source\repos\lhbentan\tlh_framework\dll4cs\cvalgorithms.cpp(179): warning C4244: “初始化”: 从“double”转换到“float”，可能丢失数据
c:\users\administrator\source\repos\lhbentan\tlh_framework\dll4cs\cvalgorithms.cpp(180): warning C4244: “初始化”: 从“double”转换到“float”，可能丢失数据
c:\users\administrator\source\repos\lhbentan\tlh_framework\dll4cs\cvalgorithms.cpp(181): warning C4244: “初始化”: 从“double”转换到“float”，可能丢失数据
c:\users\administrator\source\repos\lhbentan\tlh_framework\dll4cs\cvalgorithms.cpp(182): warning C4244: “初始化”: 从“double”转换到“float”，可能丢失数据
c:\users\administrator\source\repos\lhbentan\tlh_framework\dll4cs\cvalgorithms.cpp(203): warning C4244: “参数”: 从“float”转换到“int”，可能丢失数据
c:\users\administrator\source\repos\lhbentan\tlh_framework\dll4cs\cvalgorithms.cpp(204): warning C4244: “参数”: 从“float”转换到“int”，可能丢失数据
c:\users\administrator\source\repos\lhbentan\tlh_framework\dll4cs\cvalgorithms.cpp(221): warning C4244: “参数”: 从“float”转换到“int”，可能丢失数据
c:\users\administrator\source\repos\lhbentan\tlh_framework\dll4cs\cvalgorithms.cpp(222): warning C4244: “参数”: 从“float”转换到“int”，可能丢失数据
c:\users\administrator\source\repos\lhbentan\tlh_framework\dll4cs\cvalgorithms.cpp(227): warning C4244: “初始化”: 从“float”转换到“int”，可能丢失数据
c:\users\administrator\source\repos\lhbentan\tlh_framework\dll4cs\cvalgorithms.cpp(262): warning C4244: “参数”: 从“float”转换到“_Tp”，可能丢失数据
          with
          [
              _Tp=int
          ]
c:\users\administrator\source\repos\lhbentan\tlh_framework\dll4cs\cvalgorithms.cpp(262): warning C4244: “参数”: 从“float”转换到“int”，可能丢失数据
c:\users\administrator\source\repos\lhbentan\tlh_framework\dll4cs\cvalgorithms.cpp(282): warning C4244: “=”: 从“int”转换到“float”，可能丢失数据
c:\users\administrator\source\repos\lhbentan\tlh_framework\dll4cs\cvalgorithms.cpp(288): warning C4244: “参数”: 从“float”转换到“_Tp”，可能丢失数据
          with
          [
              _Tp=int
          ]
c:\users\administrator\source\repos\lhbentan\tlh_framework\dll4cs\cvalgorithms.cpp(308): warning C4244: “初始化”: 从“double”转换到“float”，可能丢失数据
c:\users\administrator\source\repos\lhbentan\tlh_framework\dll4cs\cvalgorithms.cpp(309): warning C4244: “初始化”: 从“double”转换到“float”，可能丢失数据
c:\users\administrator\source\repos\lhbentan\tlh_framework\dll4cs\cvalgorithms.cpp(310): warning C4244: “初始化”: 从“double”转换到“float”，可能丢失数据
c:\users\administrator\source\repos\lhbentan\tlh_framework\dll4cs\cvalgorithms.cpp(311): warning C4244: “初始化”: 从“double”转换到“float”，可能丢失数据
c:\users\administrator\source\repos\lhbentan\tlh_framework\dll4cs\cvalgorithms.cpp(312): warning C4244: “初始化”: 从“double”转换到“float”，可能丢失数据
c:\users\administrator\source\repos\lhbentan\tlh_framework\dll4cs\cvalgorithms.cpp(340): warning C4244: “参数”: 从“float”转换到“_Tp”，可能丢失数据
          with
          [
              _Tp=int
          ]
c:\users\administrator\source\repos\lhbentan\tlh_framework\dll4cs\cvalgorithms.cpp(372): warning C4244: “参数”: 从“float”转换到“_Tp”，可能丢失数据
          with
          [
              _Tp=int
          ]
c:\users\administrator\source\repos\lhbentan\tlh_framework\dll4cs\cvalgorithms.cpp(381): warning C4244: “初始化”: 从“_Tp”转换到“int”，可能丢失数据
          with
          [
              _Tp=double
          ]
c:\users\administrator\source\repos\lhbentan\tlh_framework\dll4cs\cvalgorithms.cpp(382): warning C4244: “初始化”: 从“double”转换到“float”，可能丢失数据
c:\users\administrator\source\repos\lhbentan\tlh_framework\dll4cs\cvalgorithms.cpp(390): warning C4244: “参数”: 从“float”转换到“int”，可能丢失数据
c:\users\administrator\source\repos\lhbentan\tlh_framework\dll4cs\cvalgorithms.cpp(391): warning C4244: “参数”: 从“float”转换到“int”，可能丢失数据
c:\users\administrator\source\repos\lhbentan\tlh_framework\dll4cs\cvalgorithms.cpp(393): warning C4018: “<”: 有符号/无符号不匹配
c:\users\administrator\source\repos\lhbentan\tlh_framework\dll4cs\cvalgorithms.cpp(398): warning C4244: “初始化”: 从“double”转换到“float”，可能丢失数据
c:\users\administrator\source\repos\lhbentan\tlh_framework\dll4cs\cvalgorithms.cpp(399): warning C4244: “初始化”: 从“double”转换到“float”，可能丢失数据
c:\users\administrator\source\repos\lhbentan\tlh_framework\dll4cs\cvalgorithms.cpp(414): warning C4244: “参数”: 从“float”转换到“int”，可能丢失数据
c:\users\administrator\source\repos\lhbentan\tlh_framework\dll4cs\cvalgorithms.cpp(415): warning C4244: “参数”: 从“float”转换到“int”，可能丢失数据
c:\users\administrator\source\repos\lhbentan\tlh_framework\dll4cs\cvalgorithms.cpp(417): warning C4018: “<”: 有符号/无符号不匹配
c:\users\administrator\source\repos\lhbentan\tlh_framework\dll4cs\cvalgorithms.cpp(422): warning C4244: “初始化”: 从“double”转换到“float”，可能丢失数据
c:\users\administrator\source\repos\lhbentan\tlh_framework\dll4cs\cvalgorithms.cpp(423): warning C4244: “初始化”: 从“double”转换到“float”，可能丢失数据
c:\users\administrator\source\repos\lhbentan\tlh_framework\dll4cs\cvalgorithms.cpp(437): warning C4244: “=”: 从“int”转换到“float”，可能丢失数据
c:\users\administrator\source\repos\lhbentan\tlh_framework\dll4cs\cvalgorithms.cpp(456): warning C4244: “初始化”: 从“double”转换到“float”，可能丢失数据
c:\users\administrator\source\repos\lhbentan\tlh_framework\dll4cs\cvalgorithms.cpp(457): warning C4244: “初始化”: 从“double”转换到“float”，可能丢失数据
c:\users\administrator\source\repos\lhbentan\tlh_framework\dll4cs\cvalgorithms.cpp(458): warning C4244: “初始化”: 从“double”转换到“float”，可能丢失数据
c:\users\administrator\source\repos\lhbentan\tlh_framework\dll4cs\cvalgorithms.cpp(459): warning C4244: “初始化”: 从“double”转换到“float”，可能丢失数据
c:\users\administrator\source\repos\lhbentan\tlh_framework\dll4cs\cvalgorithms.cpp(460): warning C4244: “初始化”: 从“double”转换到“float”，可能丢失数据
c:\users\administrator\source\repos\lhbentan\tlh_framework\dll4cs\cvalgorithms.cpp(461): warning C4244: “初始化”: 从“double”转换到“float”，可能丢失数据
c:\users\administrator\source\repos\lhbentan\tlh_framework\dll4cs\cvalgorithms.cpp(493): warning C4244: “参数”: 从“float”转换到“int”，可能丢失数据
c:\users\administrator\source\repos\lhbentan\tlh_framework\dll4cs\cvalgorithms.cpp(494): warning C4244: “参数”: 从“float”转换到“int”，可能丢失数据
c:\users\administrator\source\repos\lhbentan\tlh_framework\dll4cs\cvalgorithms.cpp(498): warning C4244: “参数”: 从“float”转换到“_Tp”，可能丢失数据
          with
          [
              _Tp=int
          ]
c:\users\administrator\source\repos\lhbentan\tlh_framework\dll4cs\cvalgorithms.cpp(511): warning C4018: “<”: 有符号/无符号不匹配
c:\users\administrator\source\repos\lhbentan\tlh_framework\dll4cs\cvalgorithms.cpp(519): warning C4244: “初始化”: 从“double”转换到“float”，可能丢失数据
c:\users\administrator\source\repos\lhbentan\tlh_framework\dll4cs\cvalgorithms.cpp(520): warning C4244: “初始化”: 从“double”转换到“float”，可能丢失数据
c:\users\administrator\source\repos\lhbentan\tlh_framework\dll4cs\cvalgorithms.cpp(532): warning C4018: “<”: 有符号/无符号不匹配
c:\users\administrator\source\repos\lhbentan\tlh_framework\dll4cs\cvalgorithms.cpp(537): warning C4244: “初始化”: 从“double”转换到“float”，可能丢失数据
c:\users\administrator\source\repos\lhbentan\tlh_framework\dll4cs\cvalgorithms.cpp(538): warning C4244: “初始化”: 从“double”转换到“float”，可能丢失数据
c:\users\administrator\source\repos\lhbentan\tlh_framework\dll4cs\cvalgorithms.cpp(557): warning C4244: “=”: 从“int”转换到“float”，可能丢失数据
c:\users\administrator\source\repos\lhbentan\tlh_framework\dll4cs\cvalgorithms.cpp(558): warning C4244: “=”: 从“int”转换到“float”，可能丢失数据
c:\users\administrator\source\repos\lhbentan\tlh_framework\dll4cs\cvalgorithms.cpp(595): warning C4244: “=”: 从“double”转换到“int”，可能丢失数据
c:\users\administrator\source\repos\lhbentan\tlh_framework\dll4cs\cvalgorithms.cpp(572): warning C4715: “angle”: 不是所有的控件路径都返回值
  DLL4CS.vcxproj -> C:\Users\Administrator\source\repos\lhBenTan\tlh_Framework\DLL4CS\..\视觉单工位测试软件\bin\Debug\DLL4CS.dll
