c:\users\administrator\source\repos\视觉单工位测试软件\dll4cs\release\dll4cs.pch
c:\users\administrator\source\repos\视觉单工位测试软件\dll4cs\release\vc141.pdb
c:\users\administrator\source\repos\视觉单工位测试软件\dll4cs\release\pch.obj
c:\users\administrator\source\repos\视觉单工位测试软件\dll4cs\release\puttext.obj
c:\users\administrator\source\repos\视觉单工位测试软件\dll4cs\release\metrogolycircle.obj
c:\users\administrator\source\repos\视觉单工位测试软件\dll4cs\release\interface.obj
c:\users\administrator\source\repos\视觉单工位测试软件\dll4cs\release\dllmain.obj
c:\users\administrator\source\repos\视觉单工位测试软件\dll4cs\release\cvalgorithms.obj
c:\users\administrator\source\repos\视觉单工位测试软件\视觉单工位测试软件\bin\release\dll4cs.lib
c:\users\administrator\source\repos\视觉单工位测试软件\视觉单工位测试软件\bin\release\dll4cs.exp
c:\users\administrator\source\repos\视觉单工位测试软件\视觉单工位测试软件\bin\release\dll4cs.ipdb
c:\users\administrator\source\repos\视觉单工位测试软件\视觉单工位测试软件\bin\release\dll4cs.iobj
c:\users\administrator\source\repos\视觉单工位测试软件\视觉单工位测试软件\bin\release\dll4cs.dll
c:\users\administrator\source\repos\视觉单工位测试软件\视觉单工位测试软件\bin\release\dll4cs.pdb
c:\users\administrator\source\repos\视觉单工位测试软件\dll4cs\..\视觉单工位测试软件\bin\release\dll4cs.dll
c:\users\administrator\source\repos\视觉单工位测试软件\dll4cs\release\dll4cs.tlog\cl.command.1.tlog
c:\users\administrator\source\repos\视觉单工位测试软件\dll4cs\release\dll4cs.tlog\cl.read.1.tlog
c:\users\administrator\source\repos\视觉单工位测试软件\dll4cs\release\dll4cs.tlog\cl.write.1.tlog
c:\users\administrator\source\repos\视觉单工位测试软件\dll4cs\release\dll4cs.tlog\dll4cs.write.1u.tlog
c:\users\administrator\source\repos\视觉单工位测试软件\dll4cs\release\dll4cs.tlog\link.command.1.tlog
c:\users\administrator\source\repos\视觉单工位测试软件\dll4cs\release\dll4cs.tlog\link.read.1.tlog
c:\users\administrator\source\repos\视觉单工位测试软件\dll4cs\release\dll4cs.tlog\link.write.1.tlog
